Running as unit: heldout-percite-2721804.scope; invocation ID: c4af0656458c4ab9ae6119ad306f0907
loaded 1416 cites; running definitive review path (int8 + deterministic + perturbation)…
  0/1416
  50/1416
  100/1416
  150/1416
  200/1416
  250/1416
  300/141
=  350/1416
  400/1416
  450/1416
  500/1416
  550/1416
  600/1416
  650/1416
  700/1416
  750/1416
  800/1416
  850/1416
  900/1416
  950/1416
  1000/1416
  1050/1416
  1100/1416
  1150/1416
  1200/1416
  1250/1416
  1300/1416
  1350/1416
  1400/1416

=== definitive review path over 1416 cites (author-set) ===
PASSED & correct (perfect):  1200 (84.7%)
PASSED & wrong  (SILENT):    177 (12.5%)
FLAGGED & wrong (good):      17
FLAGGED & correct(over):     22 (1.6%)
total flagged: 39 (2.8%) | precision 44%
reasons: {"author_ungrounded": 6, "decode_output_length_limit": 4, "decode_perturbation_disagreement": 22, "et_al_undercount": 4, "role_person_no_author": 3}
